Arguments: 
  /Users/gbanis/.nvm/versions/node/v9.3.0/bin/node /usr/local/Cellar/yarn/1.6.0/libexec/bin/yarn.js

PATH: 
  /Users/gbanis/.nvm/versions/node/v9.3.0/bin:/Users/gbanis/.rvm/gems/ruby-2.2.1/bin:/Users/gbanis/.rvm/gems/ruby-2.2.1@global/bin:/Users/gbanis/.rvm/rubies/ruby-2.2.1/bin:/Users/gbanis/anaconda3/envs/py27/bin:/usr/local/share/npm/bin:/usr/local/opt/coreutils/libexec/gnubin:/usr/local/heroku/bin:/usr/local/bin:/usr/local/sbin:/usr/local/bin:/usr/bin:/bin:/usr/sbin:/sbin:/usr/local/sbin:/opt/X11/bin:/usr/local/mysql/bin:/Users/gbanis/.rvm/bin

Yarn version: 
  1.6.0

Node version: 
  9.3.0

Platform: 
  darwin x64

Trace: 
  SyntaxError: /Users/gbanis/dev/personal/code-cave/package.json: Unexpected token } in JSON at position 377
      at JSON.parse (<anonymous>)
      at /usr/local/Cellar/yarn/1.6.0/libexec/lib/cli.js:1130:59
      at Generator.next (<anonymous>)
      at step (/usr/local/Cellar/yarn/1.6.0/libexec/lib/cli.js:98:30)
      at /usr/local/Cellar/yarn/1.6.0/libexec/lib/cli.js:109:13
      at <anonymous>

npm manifest: 
  {
    "name": "codecave",
    "version": "1.0.0",
    "description": "Enter the cave. Code. Emerge.",
    "main": "index.js",
    "author": "@gbanis",
    "preferGlobal": true,
    "bin": "./index.js",
    "dependencies": {
      "commander": "^2.15.1",
      "inquirer": "^5.2.0",
      "moment": "^2.22.1",
      "mongoose": "^5.1.1",
      "node-persist": "^3.0.0",
      "parse-duration": "^0.1.1",
    }
  }

yarn manifest: 
  No manifest

Lockfile: 
  # THIS IS AN AUTOGENERATED FILE. DO NOT EDIT THIS FILE DIRECTLY.
  # yarn lockfile v1
  
  
  ansi-escapes@^3.0.0:
    version "3.1.0"
    resolved "https://npm.hubteam.com/npm-nexus/repository/npm-all/ansi-escapes/-/ansi-escapes-3.1.0.tgz#f73207bb81207d75fd6c83f125af26eea378ca30"
  
  ansi-regex@^3.0.0:
    version "3.0.0"
    resolved "https://npm.hubteam.com/npm-nexus/repository/npm-all/ansi-regex/-/ansi-regex-3.0.0.tgz#ed0317c322064f79466c02966bddb605ab37d998"
  
  ansi-styles@^3.2.1:
    version "3.2.1"
    resolved "https://npm.hubteam.com/npm-nexus/repository/npm-all/ansi-styles/-/ansi-styles-3.2.1.tgz#41fbb20243e50b12be0f04b8dedbf07520ce841d"
    dependencies:
      color-convert "^1.9.0"
  
  async@2.1.4:
    version "2.1.4"
    resolved "https://npm.hubteam.com/npm-nexus/repository/npm-all/async/-/async-2.1.4.tgz#2d2160c7788032e4dd6cbe2502f1f9a2c8f6cde4"
    dependencies:
      lodash "^4.14.0"
  
  bluebird@3.5.0:
    version "3.5.0"
    resolved "https://npm.hubteam.com/npm-nexus/repository/npm-all/bluebird/-/bluebird-3.5.0.tgz#791420d7f551eea2897453a8a77653f96606d67c"
  
  bson@~1.0.4, bson@~1.0.5:
    version "1.0.6"
    resolved "https://npm.hubteam.com/npm-nexus/repository/npm-all/bson/-/bson-1.0.6.tgz#444db59ddd4c24f0cb063aabdc5c8c7b0ceca912"
  
  chalk@^2.0.0:
    version "2.4.1"
    resolved "https://npm.hubteam.com/npm-nexus/repository/npm-all/chalk/-/chalk-2.4.1.tgz#18c49ab16a037b6eb0152cc83e3471338215b66e"
    dependencies:
      ansi-styles "^3.2.1"
      escape-string-regexp "^1.0.5"
      supports-color "^5.3.0"
  
  chardet@^0.4.0:
    version "0.4.2"
    resolved "https://npm.hubteam.com/npm-nexus/repository/npm-all/chardet/-/chardet-0.4.2.tgz#b5473b33dc97c424e5d98dc87d55d4d8a29c8bf2"
  
  cli-cursor@^2.1.0:
    version "2.1.0"
    resolved "https://npm.hubteam.com/npm-nexus/repository/npm-all/cli-cursor/-/cli-cursor-2.1.0.tgz#b35dac376479facc3e94747d41d0d0f5238ffcb5"
    dependencies:
      restore-cursor "^2.0.0"
  
  cli-width@^2.0.0:
    version "2.2.0"
    resolved "https://npm.hubteam.com/npm-nexus/repository/npm-all/cli-width/-/cli-width-2.2.0.tgz#ff19ede8a9a5e579324147b0c11f0fbcbabed639"
  
  color-convert@^1.9.0:
    version "1.9.1"
    resolved "https://npm.hubteam.com/npm-nexus/repository/npm-all/color-convert/-/color-convert-1.9.1.tgz#c1261107aeb2f294ebffec9ed9ecad529a6097ed"
    dependencies:
      color-name "^1.1.1"
  
  color-name@^1.1.1:
    version "1.1.3"
    resolved "https://npm.hubteam.com/npm-nexus/repository/npm-all/color-name/-/color-name-1.1.3.tgz#a7d0558bd89c42f795dd42328f740831ca53bc25"
  
  commander@^2.15.1:
    version "2.15.1"
    resolved "https://npm.hubteam.com/npm-nexus/repository/npm-all/commander/-/commander-2.15.1.tgz#df46e867d0fc2aec66a34662b406a9ccafff5b0f"
  
  debug@2.6.9:
    version "2.6.9"
    resolved "https://npm.hubteam.com/npm-nexus/repository/npm-all/debug/-/debug-2.6.9.tgz#5d128515df134ff327e90a4c93f4e077a536341f"
    dependencies:
      ms "2.0.0"
  
  escape-string-regexp@^1.0.5:
    version "1.0.5"
    resolved "https://npm.hubteam.com/npm-nexus/repository/npm-all/escape-string-regexp/-/escape-string-regexp-1.0.5.tgz#1b61c0562190a8dff6ae3bb2cf0200ca130b86d4"
  
  external-editor@^2.1.0:
    version "2.2.0"
    resolved "https://npm.hubteam.com/npm-nexus/repository/npm-all/external-editor/-/external-editor-2.2.0.tgz#045511cfd8d133f3846673d1047c154e214ad3d5"
    dependencies:
      chardet "^0.4.0"
      iconv-lite "^0.4.17"
      tmp "^0.0.33"
  
  figures@^2.0.0:
    version "2.0.0"
    resolved "https://npm.hubteam.com/npm-nexus/repository/npm-all/figures/-/figures-2.0.0.tgz#3ab1a2d2a62c8bfb431a0c94cb797a2fce27c962"
    dependencies:
      escape-string-regexp "^1.0.5"
  
  has-flag@^3.0.0:
    version "3.0.0"
    resolved "https://npm.hubteam.com/npm-nexus/repository/npm-all/has-flag/-/has-flag-3.0.0.tgz#b5d454dc2199ae225699f3467e5a07f3b955bafd"
  
  iconv-lite@^0.4.17:
    version "0.4.23"
    resolved "https://npm.hubteam.com/npm-nexus/repository/npm-all/iconv-lite/-/iconv-lite-0.4.23.tgz#297871f63be507adcfbfca715d0cd0eed84e9a63"
    dependencies:
      safer-buffer ">= 2.1.2 < 3"
  
  inquirer@^5.2.0:
    version "5.2.0"
    resolved "https://npm.hubteam.com/npm-nexus/repository/npm-all/inquirer/-/inquirer-5.2.0.tgz#db350c2b73daca77ff1243962e9f22f099685726"
    dependencies:
      ansi-escapes "^3.0.0"
      chalk "^2.0.0"
      cli-cursor "^2.1.0"
      cli-width "^2.0.0"
      external-editor "^2.1.0"
      figures "^2.0.0"
      lodash "^4.3.0"
      mute-stream "0.0.7"
      run-async "^2.2.0"
      rxjs "^5.5.2"
      string-width "^2.1.0"
      strip-ansi "^4.0.0"
      through "^2.3.6"
  
  is-absolute@^0.2.6:
    version "0.2.6"
    resolved "https://npm.hubteam.com/npm-nexus/repository/npm-all/is-absolute/-/is-absolute-0.2.6.tgz#20de69f3db942ef2d87b9c2da36f172235b1b5eb"
    dependencies:
      is-relative "^0.2.1"
      is-windows "^0.2.0"
  
  is-fullwidth-code-point@^2.0.0:
    version "2.0.0"
    resolved "https://npm.hubteam.com/npm-nexus/repository/npm-all/is-fullwidth-code-point/-/is-fullwidth-code-point-2.0.0.tgz#a3b30a5c4f199183167aaab93beefae3ddfb654f"
  
  is-promise@^2.1.0:
    version "2.1.0"
    resolved "https://npm.hubteam.com/npm-nexus/repository/npm-all/is-promise/-/is-promise-2.1.0.tgz#79a2a9ece7f096e80f36d2b2f3bc16c1ff4bf3fa"
  
  is-relative@^0.2.1:
    version "0.2.1"
    resolved "https://npm.hubteam.com/npm-nexus/repository/npm-all/is-relative/-/is-relative-0.2.1.tgz#d27f4c7d516d175fb610db84bbeef23c3bc97aa5"
    dependencies:
      is-unc-path "^0.1.1"
  
  is-unc-path@^0.1.1:
    version "0.1.2"
    resolved "https://npm.hubteam.com/npm-nexus/repository/npm-all/is-unc-path/-/is-unc-path-0.1.2.tgz#6ab053a72573c10250ff416a3814c35178af39b9"
    dependencies:
      unc-path-regex "^0.1.0"
  
  is-windows@^0.2.0:
    version "0.2.0"
    resolved "https://npm.hubteam.com/npm-nexus/repository/npm-all/is-windows/-/is-windows-0.2.0.tgz#de1aa6d63ea29dd248737b69f1ff8b8002d2108c"
  
  kareem@2.0.7:
    version "2.0.7"
    resolved "https://npm.hubteam.com/npm-nexus/repository/npm-all/kareem/-/kareem-2.0.7.tgz#8d260366a4df4236ceccec318fcf10c17c5beb22"
  
  lodash.get@4.4.2:
    version "4.4.2"
    resolved "https://npm.hubteam.com/npm-nexus/repository/npm-all/lodash.get/-/lodash.get-4.4.2.tgz#2d177f652fa31e939b4438d5341499dfa3825e99"
  
  lodash@^4.14.0, lodash@^4.3.0:
    version "4.17.10"
    resolved "https://npm.hubteam.com/npm-nexus/repository/npm-all/lodash/-/lodash-4.17.10.tgz#1b7793cf7259ea38fb3661d4d38b3260af8ae4e7"
  
  mimic-fn@^1.0.0:
    version "1.2.0"
    resolved "https://npm.hubteam.com/npm-nexus/repository/npm-all/mimic-fn/-/mimic-fn-1.2.0.tgz#820c86a39334640e99516928bd03fca88057d022"
  
  minimist@0.0.8:
    version "0.0.8"
    resolved "https://npm.hubteam.com/npm-nexus/repository/npm-all/minimist/-/minimist-0.0.8.tgz#857fcabfc3397d2625b8228262e86aa7a011b05d"
  
  mkdirp@~0.5.1:
    version "0.5.1"
    resolved "https://npm.hubteam.com/npm-nexus/repository/npm-all/mkdirp/-/mkdirp-0.5.1.tgz#30057438eac6cf7f8c4767f38648d6697d75c903"
    dependencies:
      minimist "0.0.8"
  
  moment@^2.22.1:
    version "2.22.1"
    resolved "https://npm.hubteam.com/npm-nexus/repository/npm-all/moment/-/moment-2.22.1.tgz#529a2e9bf973f259c9643d237fda84de3a26e8ad"
  
  mongodb-core@3.0.8:
    version "3.0.8"
    resolved "https://npm.hubteam.com/npm-nexus/repository/npm-all/mongodb-core/-/mongodb-core-3.0.8.tgz#8d401f4eab6056c0d874a3d5844a4844f761d4d7"
    dependencies:
      bson "~1.0.4"
      require_optional "^1.0.1"
  
  mongodb@3.0.8:
    version "3.0.8"
    resolved "https://npm.hubteam.com/npm-nexus/repository/npm-all/mongodb/-/mongodb-3.0.8.tgz#2c1daecac9a0ec2de2f2aea4dc97d76ae70f8951"
    dependencies:
      mongodb-core "3.0.8"
  
  mongoose-legacy-pluralize@1.0.2:
    version "1.0.2"
    resolved "https://npm.hubteam.com/npm-nexus/repository/npm-all/mongoose-legacy-pluralize/-/mongoose-legacy-pluralize-1.0.2.tgz#3ba9f91fa507b5186d399fb40854bff18fb563e4"
  
  mongoose@^5.1.1:
    version "5.1.1"
    resolved "https://npm.hubteam.com/npm-nexus/repository/npm-all/mongoose/-/mongoose-5.1.1.tgz#a7e925607e76032e5ef20b3035a357bc8581b45e"
    dependencies:
      async "2.1.4"
      bson "~1.0.5"
      kareem "2.0.7"
      lodash.get "4.4.2"
      mongodb "3.0.8"
      mongoose-legacy-pluralize "1.0.2"
      mpath "0.4.1"
      mquery "3.0.0"
      ms "2.0.0"
      regexp-clone "0.0.1"
      sliced "1.0.1"
  
  mpath@0.4.1:
    version "0.4.1"
    resolved "https://npm.hubteam.com/npm-nexus/repository/npm-all/mpath/-/mpath-0.4.1.tgz#ed10388430380bf7bbb5be1391e5d6969cb08e89"
  
  mquery@3.0.0:
    version "3.0.0"
    resolved "https://npm.hubteam.com/npm-nexus/repository/npm-all/mquery/-/mquery-3.0.0.tgz#e5f387dbabc0b9b69859e550e810faabe0ceabb0"
    dependencies:
      bluebird "3.5.0"
      debug "2.6.9"
      regexp-clone "0.0.1"
      sliced "0.0.5"
  
  ms@2.0.0:
    version "2.0.0"
    resolved "https://npm.hubteam.com/npm-nexus/repository/npm-all/ms/-/ms-2.0.0.tgz#5608aeadfc00be6c2901df5f9861788de0d597c8"
  
  mute-stream@0.0.7:
    version "0.0.7"
    resolved "https://npm.hubteam.com/npm-nexus/repository/npm-all/mute-stream/-/mute-stream-0.0.7.tgz#3075ce93bc21b8fab43e1bc4da7e8115ed1e7bab"
  
  node-persist@^3.0.0:
    version "3.0.0"
    resolved "https://npm.hubteam.com/npm-nexus/repository/npm-all/node-persist/-/node-persist-3.0.0.tgz#bdff3d28933f218f14eaad831e21f5e9f74b2406"
    dependencies:
      is-absolute "^0.2.6"
      mkdirp "~0.5.1"
  
  onetime@^2.0.0:
    version "2.0.1"
    resolved "https://npm.hubteam.com/npm-nexus/repository/npm-all/onetime/-/onetime-2.0.1.tgz#067428230fd67443b2794b22bba528b6867962d4"
    dependencies:
      mimic-fn "^1.0.0"
  
  os-tmpdir@~1.0.2:
    version "1.0.2"
    resolved "https://npm.hubteam.com/npm-nexus/repository/npm-all/os-tmpdir/-/os-tmpdir-1.0.2.tgz#bbe67406c79aa85c5cfec766fe5734555dfa1274"
  
  parse-duration@^0.1.1:
    version "0.1.1"
    resolved "https://npm.hubteam.com/npm-nexus/repository/npm-all/parse-duration/-/parse-duration-0.1.1.tgz#13114ddc9891c1ecd280036244554de43647a226"
  
  regexp-clone@0.0.1:
    version "0.0.1"
    resolved "https://npm.hubteam.com/npm-nexus/repository/npm-all/regexp-clone/-/regexp-clone-0.0.1.tgz#a7c2e09891fdbf38fbb10d376fb73003e68ac589"
  
  require_optional@^1.0.1:
    version "1.0.1"
    resolved "https://npm.hubteam.com/npm-nexus/repository/npm-all/require_optional/-/require_optional-1.0.1.tgz#4cf35a4247f64ca3df8c2ef208cc494b1ca8fc2e"
    dependencies:
      resolve-from "^2.0.0"
      semver "^5.1.0"
  
  resolve-from@^2.0.0:
    version "2.0.0"
    resolved "https://npm.hubteam.com/npm-nexus/repository/npm-all/resolve-from/-/resolve-from-2.0.0.tgz#9480ab20e94ffa1d9e80a804c7ea147611966b57"
  
  restore-cursor@^2.0.0:
    version "2.0.0"
    resolved "https://npm.hubteam.com/npm-nexus/repository/npm-all/restore-cursor/-/restore-cursor-2.0.0.tgz#9f7ee287f82fd326d4fd162923d62129eee0dfaf"
    dependencies:
      onetime "^2.0.0"
      signal-exit "^3.0.2"
  
  run-async@^2.2.0:
    version "2.3.0"
    resolved "https://npm.hubteam.com/npm-nexus/repository/npm-all/run-async/-/run-async-2.3.0.tgz#0371ab4ae0bdd720d4166d7dfda64ff7a445a6c0"
    dependencies:
      is-promise "^2.1.0"
  
  rxjs@^5.5.2:
    version "5.5.10"
    resolved "https://npm.hubteam.com/npm-nexus/repository/npm-all/rxjs/-/rxjs-5.5.10.tgz#fde02d7a614f6c8683d0d1957827f492e09db045"
    dependencies:
      symbol-observable "1.0.1"
  
  "safer-buffer@>= 2.1.2 < 3":
    version "2.1.2"
    resolved "https://npm.hubteam.com/npm-nexus/repository/npm-all/safer-buffer/-/safer-buffer-2.1.2.tgz#44fa161b0187b9549dd84bb91802f9bd8385cd6a"
  
  semver@^5.1.0:
    version "5.5.0"
    resolved "https://npm.hubteam.com/npm-nexus/repository/npm-all/semver/-/semver-5.5.0.tgz#dc4bbc7a6ca9d916dee5d43516f0092b58f7b8ab"
  
  signal-exit@^3.0.2:
    version "3.0.2"
    resolved "https://npm.hubteam.com/npm-nexus/repository/npm-all/signal-exit/-/signal-exit-3.0.2.tgz#b5fdc08f1287ea1178628e415e25132b73646c6d"
  
  sliced@0.0.5:
    version "0.0.5"
    resolved "https://npm.hubteam.com/npm-nexus/repository/npm-all/sliced/-/sliced-0.0.5.tgz#5edc044ca4eb6f7816d50ba2fc63e25d8fe4707f"
  
  sliced@1.0.1:
    version "1.0.1"
    resolved "https://npm.hubteam.com/npm-nexus/repository/npm-all/sliced/-/sliced-1.0.1.tgz#0b3a662b5d04c3177b1926bea82b03f837a2ef41"
  
  string-width@^2.1.0:
    version "2.1.1"
    resolved "https://npm.hubteam.com/npm-nexus/repository/npm-all/string-width/-/string-width-2.1.1.tgz#ab93f27a8dc13d28cac815c462143a6d9012ae9e"
    dependencies:
      is-fullwidth-code-point "^2.0.0"
      strip-ansi "^4.0.0"
  
  strip-ansi@^4.0.0:
    version "4.0.0"
    resolved "https://npm.hubteam.com/npm-nexus/repository/npm-all/strip-ansi/-/strip-ansi-4.0.0.tgz#a8479022eb1ac368a871389b635262c505ee368f"
    dependencies:
      ansi-regex "^3.0.0"
  
  supports-color@^5.3.0:
    version "5.4.0"
    resolved "https://npm.hubteam.com/npm-nexus/repository/npm-all/supports-color/-/supports-color-5.4.0.tgz#1c6b337402c2137605efe19f10fec390f6faab54"
    dependencies:
      has-flag "^3.0.0"
  
  symbol-observable@1.0.1:
    version "1.0.1"
    resolved "https://npm.hubteam.com/npm-nexus/repository/npm-all/symbol-observable/-/symbol-observable-1.0.1.tgz#8340fc4702c3122df5d22288f88283f513d3fdd4"
  
  through@^2.3.6:
    version "2.3.8"
    resolved "https://npm.hubteam.com/npm-nexus/repository/npm-all/through/-/through-2.3.8.tgz#0dd4c9ffaabc357960b1b724115d7e0e86a2e1f5"
  
  tmp@^0.0.33:
    version "0.0.33"
    resolved "https://npm.hubteam.com/npm-nexus/repository/npm-all/tmp/-/tmp-0.0.33.tgz#6d34335889768d21b2bcda0aa277ced3b1bfadf9"
    dependencies:
      os-tmpdir "~1.0.2"
  
  unc-path-regex@^0.1.0:
    version "0.1.2"
    resolved "https://npm.hubteam.com/npm-nexus/repository/npm-all/unc-path-regex/-/unc-path-regex-0.1.2.tgz#e73dd3d7b0d7c5ed86fbac6b0ae7d8c6a69d50fa"
